<?xml version="1.0" encoding="UTF-8"?>
<!-- Generated by org.testng.reporters.JUnitXMLReporter -->
<testsuite hostname="ICPL11471" ignored="0" name="Test2" tests="3" failures="0" timestamp="23 Feb 2018 05:47:15 GMT" time="51.912" errors="0">
  <testcase name="navigate" time="8.921" classname="assigment.assignment2.Test1.FlightSearchTest"/>
  <testcase name="searchForFlights" time="31.037" classname="assigment.assignment2.Test1.FlightSearchTest"/>
  <testcase name="validateResult" time="6.484" classname="assigment.assignment2.Test1.FlightSearchTest"/>
</testsuite> <!-- Test2 -->
