<?xml version="1.0" encoding="UTF-8"?>
<!-- Generated by org.testng.reporters.JUnitXMLReporter -->
<testsuite hostname="ICPL11471" ignored="0" name="Test2" tests="3" failures="0" timestamp="21 Feb 2018 06:44:44 GMT" time="35.563" errors="0">
  <testcase name="navigate" time="8.636" classname="assigment.assignment2.Test1.FlightSearchTest"/>
  <testcase name="searchForFlights" time="15.033" classname="assigment.assignment2.Test1.FlightSearchTest"/>
  <testcase name="validateResult" time="7.09" classname="assigment.assignment2.Test1.FlightSearchTest"/>
</testsuite> <!-- Test2 -->
