<?xml version="1.0" encoding="UTF-8"?>
<!-- Generated by org.testng.reporters.JUnitXMLReporter -->
<testsuite hostname="ICPL11471" ignored="0" name="Test1" tests="3" failures="0" timestamp="23 Feb 2018 05:47:29 GMT" time="65.465" errors="0">
  <testcase name="navigate" time="10.082" classname="assigment.assignment2.Test1.FlightSearchTest"/>
  <testcase name="searchForFlights" time="44.322" classname="assigment.assignment2.Test1.FlightSearchTest"/>
  <testcase name="validateResult" time="6.428" classname="assigment.assignment2.Test1.FlightSearchTest"/>
</testsuite> <!-- Test1 -->
