<?xml version="1.0" encoding="UTF-8"?>
<!-- Generated by org.testng.reporters.JUnitXMLReporter -->
<testsuite hostname="ICPL11485" ignored="0" name="Test" tests="3"
	failures="0" timestamp="11 Jan 2018 06:47:04 GMT" time="40.74" errors="0">
	<testcase name="navigate" time="19.109"
		classname="assigment.assignment2.Test1.FlightSearchTest" />
	<testcase name="searchForFlights" time="12.211"
		classname="assigment.assignment2.Test1.FlightSearchTest" />
	<testcase name="validateResult" time="5.765"
		classname="assigment.assignment2.Test1.FlightSearchTest" />
</testsuite> <!-- Test -->
