<?xml version="1.0" encoding="UTF-8"?>
<testng-results skipped="0" failed="0" ignored="0" total="6" passed="6">
  <reporter-output>
  </reporter-output>
  <suite name="Suite" duration-ms="65465" started-at="2018-02-23T05:46:23Z" finished-at="2018-02-23T05:47:29Z">
    <groups>
    </groups>
    <test name="Test2" duration-ms="51912" started-at="2018-02-23T05:46:23Z" finished-at="2018-02-23T05:47:15Z">
      <class name="assigment.assignment2.Test1.FlightSearchTest">
        <test-method status="PASS" signature="setUp()[pri:0, instance:assigment.assignment2.Test1.FlightSearchTest@6a41eaa2]" name="setUp" is-config="true" duration-ms="0" started-at="2018-02-23T11:16:23Z" finished-at="2018-02-23T11:16:23Z">
          <reporter-output>
          </reporter-output>
        </test-method> <!-- setUp -->
        <test-method status="PASS" signature="beforeTest(java.lang.String)[pri:0, instance:assigment.assignment2.Test1.FlightSearchTest@6a41eaa2]" name="beforeTest" is-config="true" duration-ms="4684" started-at="2018-02-23T11:16:23Z" finished-at="2018-02-23T11:16:28Z">
          <params>
            <param index="0">
              <value>
                <![CDATA[chrome]]>
              </value>
            </param>
          </params>
          <reporter-output>
          </reporter-output>
        </test-method> <!-- beforeTest -->
        <test-method status="PASS" signature="navigate()[pri:0, instance:assigment.assignment2.Test1.FlightSearchTest@6a41eaa2]" name="navigate" duration-ms="8921" started-at="2018-02-23T11:16:28Z" finished-at="2018-02-23T11:16:37Z">
          <reporter-output>
          </reporter-output>
        </test-method> <!-- navigate -->
        <test-method status="PASS" signature="searchForFlights()[pri:1, instance:assigment.assignment2.Test1.FlightSearchTest@6a41eaa2]" name="searchForFlights" duration-ms="31037" started-at="2018-02-23T11:16:37Z" finished-at="2018-02-23T11:17:08Z">
          <reporter-output>
          </reporter-output>
        </test-method> <!-- searchForFlights -->
        <test-method status="PASS" signature="validateResult()[pri:2, instance:assigment.assignment2.Test1.FlightSearchTest@6a41eaa2]" name="validateResult" duration-ms="6484" started-at="2018-02-23T11:17:08Z" finished-at="2018-02-23T11:17:14Z">
          <reporter-output>
          </reporter-output>
        </test-method> <!-- validateResult -->
        <test-method status="PASS" signature="closeBrowser()[pri:0, instance:assigment.assignment2.Test1.FlightSearchTest@6a41eaa2]" name="closeBrowser" is-config="true" duration-ms="771" started-at="2018-02-23T11:17:14Z" finished-at="2018-02-23T11:17:15Z">
          <reporter-output>
          </reporter-output>
        </test-method> <!-- closeBrowser -->
      </class> <!-- assigment.assignment2.Test1.FlightSearchTest -->
    </test> <!-- Test2 -->
    <test name="Test1" duration-ms="65465" started-at="2018-02-23T05:46:23Z" finished-at="2018-02-23T05:47:29Z">
      <class name="assigment.assignment2.Test1.FlightSearchTest">
        <test-method status="PASS" signature="beforeTest(java.lang.String)[pri:0, instance:assigment.assignment2.Test1.FlightSearchTest@59fa1d9b]" name="beforeTest" is-config="true" duration-ms="3664" started-at="2018-02-23T11:16:23Z" finished-at="2018-02-23T11:16:27Z">
          <params>
            <param index="0">
              <value>
                <![CDATA[ie]]>
              </value>
            </param>
          </params>
          <reporter-output>
          </reporter-output>
        </test-method> <!-- beforeTest -->
        <test-method status="PASS" signature="setUp()[pri:0, instance:assigment.assignment2.Test1.FlightSearchTest@59fa1d9b]" name="setUp" is-config="true" duration-ms="0" started-at="2018-02-23T11:16:23Z" finished-at="2018-02-23T11:16:23Z">
          <reporter-output>
          </reporter-output>
        </test-method> <!-- setUp -->
        <test-method status="PASS" signature="navigate()[pri:0, instance:assigment.assignment2.Test1.FlightSearchTest@59fa1d9b]" name="navigate" duration-ms="10082" started-at="2018-02-23T11:16:27Z" finished-at="2018-02-23T11:16:37Z">
          <reporter-output>
          </reporter-output>
        </test-method> <!-- navigate -->
        <test-method status="PASS" signature="searchForFlights()[pri:1, instance:assigment.assignment2.Test1.FlightSearchTest@59fa1d9b]" name="searchForFlights" duration-ms="44322" started-at="2018-02-23T11:16:37Z" finished-at="2018-02-23T11:17:21Z">
          <reporter-output>
          </reporter-output>
        </test-method> <!-- searchForFlights -->
        <test-method status="PASS" signature="validateResult()[pri:2, instance:assigment.assignment2.Test1.FlightSearchTest@59fa1d9b]" name="validateResult" duration-ms="6428" started-at="2018-02-23T11:17:21Z" finished-at="2018-02-23T11:17:28Z">
          <reporter-output>
          </reporter-output>
        </test-method> <!-- validateResult -->
        <test-method status="PASS" signature="closeBrowser()[pri:0, instance:assigment.assignment2.Test1.FlightSearchTest@59fa1d9b]" name="closeBrowser" is-config="true" duration-ms="948" started-at="2018-02-23T11:17:28Z" finished-at="2018-02-23T11:17:29Z">
          <reporter-output>
          </reporter-output>
        </test-method> <!-- closeBrowser -->
      </class> <!-- assigment.assignment2.Test1.FlightSearchTest -->
    </test> <!-- Test1 -->
  </suite> <!-- Suite -->
</testng-results>
